2025-07-31 11:24:43,520 - root - INFO - Logging configured successfully.
2025-07-31 11:24:43,521 - data.etl_pipeline - INFO - Setting up database at database/financial_data.db...
2025-07-31 11:27:11,469 - root - INFO - Logging configured successfully.
2025-07-31 11:27:11,470 - data.etl_pipeline - INFO - Setting up database at database/financial_data.db...
2025-07-31 11:27:11,516 - data.etl_pipeline - INFO - Database setup complete.
2025-07-31 11:27:11,517 - data.etl_pipeline - INFO - Fetching market data for: ['TSLA', 'RELIANCE.NS']
2025-07-31 11:27:14,042 - data.etl_pipeline - INFO - Successfully fetched data for TSLA. Waiting to avoid rate limit...
2025-07-31 11:27:30,283 - data.etl_pipeline - ERROR - Could not fetch data for RELIANCE.NS: Unknown error
2025-07-31 11:27:45,285 - data.etl_pipeline - INFO - Saving 3795 records to market_data...
2025-07-31 11:27:45,372 - data.etl_pipeline - INFO - Save complete for market_data.
2025-07-31 11:27:45,372 - data.etl_pipeline - INFO - Fetching FX rates...
2025-07-31 11:27:48,033 - data.etl_pipeline - INFO - Successfully fetched FX for INR->USD. Waiting...
2025-07-31 11:28:05,555 - data.etl_pipeline - INFO - Successfully fetched FX for USD->INR. Waiting...
2025-07-31 11:28:20,558 - data.etl_pipeline - INFO - Saving 3798 records to fx_rates...
2025-07-31 11:28:20,630 - data.etl_pipeline - INFO - Save complete for fx_rates.
2025-07-31 11:28:20,630 - data.etl_pipeline - INFO - Macro data pipeline not yet implemented.
2025-07-31 11:28:20,631 - data.etl_pipeline - INFO - News data pipeline not yet implemented.
2025-07-31 11:28:20,631 - data.etl_pipeline - INFO - Social media data pipeline not yet implemented.
2025-07-31 11:29:44,827 - root - INFO - Logging configured successfully.
2025-07-31 11:29:44,828 - data.etl_pipeline - INFO - Setting up database at database/financial_data.db...
2025-07-31 11:29:44,831 - data.etl_pipeline - INFO - Database setup complete.
2025-07-31 11:29:44,831 - data.etl_pipeline - INFO - Fetching market data for: ['TSLA', 'TCS.NS']
2025-07-31 11:29:47,569 - data.etl_pipeline - INFO - Successfully fetched data for TSLA. Waiting to avoid rate limit...
2025-07-31 11:30:03,677 - data.etl_pipeline - ERROR - Could not fetch data for TCS.NS: Unknown error
2025-07-31 11:30:18,679 - data.etl_pipeline - INFO - Saving 3795 records to market_data...
2025-07-31 11:30:18,754 - data.etl_pipeline - INFO - Save complete for market_data.
2025-07-31 11:30:18,755 - data.etl_pipeline - INFO - Fetching FX rates...
2025-07-31 11:30:21,793 - data.etl_pipeline - INFO - Successfully fetched FX for INR->USD. Waiting...
2025-07-31 11:30:40,993 - data.etl_pipeline - INFO - Successfully fetched FX for USD->INR. Waiting...
2025-07-31 11:30:55,995 - data.etl_pipeline - INFO - Saving 3798 records to fx_rates...
2025-07-31 11:30:56,105 - data.etl_pipeline - INFO - Save complete for fx_rates.
2025-07-31 11:30:56,106 - data.etl_pipeline - INFO - Macro data pipeline not yet implemented.
2025-07-31 11:30:56,106 - data.etl_pipeline - INFO - News data pipeline not yet implemented.
2025-07-31 11:30:56,107 - data.etl_pipeline - INFO - Social media data pipeline not yet implemented.
2025-07-31 11:31:32,426 - root - INFO - Logging configured successfully.
2025-07-31 11:31:32,427 - data.etl_pipeline - INFO - Setting up database at database/financial_data.db...
2025-07-31 11:31:32,428 - data.etl_pipeline - INFO - Database setup complete.
2025-07-31 11:31:32,428 - data.etl_pipeline - INFO - Fetching market data for: ['TCS.NS']
2025-07-31 11:31:33,989 - data.etl_pipeline - ERROR - Could not fetch data for TCS.NS: Unknown error
2025-07-31 11:31:48,993 - data.etl_pipeline - INFO - No new data to save to table market_data.
2025-07-31 11:31:48,994 - data.etl_pipeline - INFO - Fetching FX rates...
2025-07-31 11:31:51,416 - data.etl_pipeline - INFO - Successfully fetched FX for INR->USD. Waiting...
2025-07-31 11:32:09,821 - data.etl_pipeline - INFO - Successfully fetched FX for USD->INR. Waiting...
2025-07-31 11:32:24,823 - data.etl_pipeline - INFO - Saving 3798 records to fx_rates...
2025-07-31 11:32:24,873 - data.etl_pipeline - INFO - Save complete for fx_rates.
2025-07-31 11:32:24,873 - data.etl_pipeline - INFO - Macro data pipeline not yet implemented.
2025-07-31 11:32:24,874 - data.etl_pipeline - INFO - News data pipeline not yet implemented.
2025-07-31 11:32:24,874 - data.etl_pipeline - INFO - Social media data pipeline not yet implemented.
2025-07-31 11:33:01,920 - root - INFO - Logging configured successfully.
2025-07-31 11:33:01,922 - data.etl_pipeline - INFO - Setting up database at database/financial_data.db...
2025-07-31 11:33:01,925 - data.etl_pipeline - INFO - Database setup complete.
2025-07-31 11:33:01,926 - data.etl_pipeline - INFO - Fetching market data for: ['INFY.NS']
2025-07-31 11:33:02,361 - data.etl_pipeline - ERROR - Could not fetch data for INFY.NS: Unknown error
2025-07-31 11:33:17,365 - data.etl_pipeline - INFO - No new data to save to table market_data.
2025-07-31 11:33:17,366 - data.etl_pipeline - INFO - Fetching FX rates...
2025-07-31 11:33:19,907 - data.etl_pipeline - INFO - Successfully fetched FX for INR->USD. Waiting...
2025-07-31 11:33:38,335 - data.etl_pipeline - INFO - Successfully fetched FX for USD->INR. Waiting...
2025-07-31 11:33:53,337 - data.etl_pipeline - INFO - Saving 3798 records to fx_rates...
2025-07-31 11:33:53,468 - data.etl_pipeline - INFO - Save complete for fx_rates.
2025-07-31 11:33:53,469 - data.etl_pipeline - INFO - Macro data pipeline not yet implemented.
2025-07-31 11:33:53,470 - data.etl_pipeline - INFO - News data pipeline not yet implemented.
2025-07-31 11:33:53,470 - data.etl_pipeline - INFO - Social media data pipeline not yet implemented.
2025-08-02 14:14:22,287 - root - INFO - Logging configured successfully.
2025-08-02 14:14:22,288 - data.etl_pipeline - INFO - Setting up database at database/financial_data.db...
2025-08-02 14:14:22,307 - data.etl_pipeline - INFO - Database setup complete.
2025-08-02 14:14:22,308 - data.etl_pipeline - INFO - Fetching market data for: ['AAPL', 'MSFT', 'GOOGL', 'AMZN', 'TSLA', 'META', 'NVDA', 'SPY', 'QQQ']
2025-08-02 14:14:27,138 - data.etl_pipeline - INFO - Successfully fetched data for AAPL. Waiting to avoid rate limit...
2025-08-02 14:14:44,618 - data.etl_pipeline - INFO - Successfully fetched data for MSFT. Waiting to avoid rate limit...
2025-08-02 14:15:01,618 - data.etl_pipeline - INFO - Successfully fetched data for GOOGL. Waiting to avoid rate limit...
2025-08-02 14:15:34,693 - data.etl_pipeline - INFO - Successfully fetched data for AMZN. Waiting to avoid rate limit...
2025-08-02 14:15:52,345 - data.etl_pipeline - INFO - Successfully fetched data for TSLA. Waiting to avoid rate limit...
2025-08-02 14:16:09,526 - data.etl_pipeline - INFO - Successfully fetched data for META. Waiting to avoid rate limit...
2025-08-02 14:16:26,799 - data.etl_pipeline - INFO - Successfully fetched data for NVDA. Waiting to avoid rate limit...
2025-08-02 14:16:44,758 - data.etl_pipeline - INFO - Successfully fetched data for SPY. Waiting to avoid rate limit...
2025-08-02 14:17:02,538 - data.etl_pipeline - INFO - Successfully fetched data for QQQ. Waiting to avoid rate limit...
2025-08-02 14:17:17,544 - data.etl_pipeline - INFO - Saving 51251 records to market_data...
2025-08-02 14:17:18,495 - data.etl_pipeline - INFO - Save complete for market_data.
2025-08-02 14:17:18,496 - data.etl_pipeline - INFO - Fetching FX rates...
2025-08-02 14:17:20,652 - data.etl_pipeline - INFO - Successfully fetched FX for INR->USD. Waiting...
2025-08-02 14:17:38,707 - data.etl_pipeline - INFO - Successfully fetched FX for USD->INR. Waiting...
2025-08-02 14:17:53,712 - data.etl_pipeline - INFO - Saving 3800 records to fx_rates...
2025-08-02 14:17:53,822 - data.etl_pipeline - INFO - Save complete for fx_rates.
2025-08-02 14:17:53,823 - data.etl_pipeline - INFO - Macro data pipeline not yet implemented.
2025-08-02 14:17:53,824 - data.etl_pipeline - INFO - News data pipeline not yet implemented.
2025-08-02 14:17:53,825 - data.etl_pipeline - INFO - Social media data pipeline not yet implemented.
2025-08-07 20:29:44,800 - root - INFO - Logging configured successfully.
2025-08-07 20:29:44,800 - data.etl_pipeline - INFO - Setting up database at database/financial_data.db...
2025-08-07 20:29:44,802 - data.etl_pipeline - INFO - Database setup complete.
2025-08-07 20:29:44,803 - data.etl_pipeline - INFO - Fetching market data for: ['AAPL', 'MSFT', 'GOOGL', 'AMZN', 'TSLA', 'META', 'NVDA', 'SPY', 'QQQ']
2025-08-07 20:29:47,804 - data.etl_pipeline - INFO - Successfully fetched data for AAPL. Waiting to avoid rate limit...
2025-08-07 20:30:06,156 - data.etl_pipeline - INFO - Successfully fetched data for MSFT. Waiting to avoid rate limit...
2025-08-07 20:30:23,956 - data.etl_pipeline - INFO - Successfully fetched data for GOOGL. Waiting to avoid rate limit...
2025-08-07 20:30:42,091 - data.etl_pipeline - INFO - Successfully fetched data for AMZN. Waiting to avoid rate limit...
2025-08-07 20:30:59,816 - data.etl_pipeline - INFO - Successfully fetched data for TSLA. Waiting to avoid rate limit...
2025-08-07 20:31:17,812 - data.etl_pipeline - INFO - Successfully fetched data for META. Waiting to avoid rate limit...
2025-08-07 20:31:35,662 - data.etl_pipeline - INFO - Successfully fetched data for NVDA. Waiting to avoid rate limit...
2025-08-07 20:31:53,667 - data.etl_pipeline - INFO - Successfully fetched data for SPY. Waiting to avoid rate limit...
2025-08-07 20:32:11,383 - data.etl_pipeline - INFO - Successfully fetched data for QQQ. Waiting to avoid rate limit...
2025-08-07 20:32:26,385 - data.etl_pipeline - INFO - Saving 51278 records to market_data...
2025-08-07 20:32:26,848 - data.etl_pipeline - INFO - Save complete for market_data.
2025-08-07 20:32:26,848 - data.etl_pipeline - INFO - Fetching FX rates...
2025-08-07 20:32:29,937 - data.etl_pipeline - INFO - Successfully fetched FX for INR->USD. Waiting...
2025-08-07 20:32:48,605 - data.etl_pipeline - INFO - Successfully fetched FX for USD->INR. Waiting...
2025-08-07 20:33:03,608 - data.etl_pipeline - INFO - Saving 3803 records to fx_rates...
2025-08-07 20:33:03,650 - data.etl_pipeline - INFO - Save complete for fx_rates.
2025-08-07 20:33:03,651 - data.etl_pipeline - INFO - Macro data pipeline not yet implemented.
2025-08-07 20:33:03,652 - data.etl_pipeline - INFO - News data pipeline not yet implemented.
2025-08-07 20:33:03,653 - data.etl_pipeline - INFO - Social media data pipeline not yet implemented.
2025-08-07 20:36:55,963 - root - INFO - Logging configured successfully.
2025-08-07 20:36:55,963 - data.etl_pipeline - INFO - Setting up database at database/financial_data.db...
2025-08-07 20:36:55,963 - data.etl_pipeline - INFO - Database setup complete.
2025-08-07 20:36:55,974 - data.etl_pipeline - INFO - Fetching market data for: ['AAPL', 'MSFT', 'GOOGL', 'AMZN', 'TSLA', 'META', 'NVDA', 'SPY', 'QQQ']
2025-08-07 20:37:01,416 - data.etl_pipeline - INFO - Successfully fetched data for AAPL. Waiting to avoid rate limit...
2025-08-07 20:37:19,602 - data.etl_pipeline - INFO - Successfully fetched data for MSFT. Waiting to avoid rate limit...
2025-08-07 20:37:40,679 - data.etl_pipeline - INFO - Successfully fetched data for GOOGL. Waiting to avoid rate limit...
2025-08-07 20:38:01,084 - data.etl_pipeline - INFO - Successfully fetched data for AMZN. Waiting to avoid rate limit...
2025-08-07 20:38:19,686 - data.etl_pipeline - INFO - Successfully fetched data for TSLA. Waiting to avoid rate limit...
2025-08-07 20:38:47,136 - data.etl_pipeline - INFO - Successfully fetched data for META. Waiting to avoid rate limit...
2025-08-07 20:39:06,115 - data.etl_pipeline - INFO - Successfully fetched data for NVDA. Waiting to avoid rate limit...
2025-08-07 20:39:24,001 - data.etl_pipeline - INFO - Successfully fetched data for SPY. Waiting to avoid rate limit...
2025-08-07 20:39:42,365 - data.etl_pipeline - INFO - Successfully fetched data for QQQ. Waiting to avoid rate limit...
2025-08-07 20:39:57,367 - data.etl_pipeline - INFO - Saving 51278 records to market_data...
2025-08-07 20:39:57,809 - data.etl_pipeline - INFO - Save complete for market_data.
2025-08-07 20:39:57,809 - data.etl_pipeline - INFO - Fetching FX rates...
2025-08-07 20:39:59,171 - data.etl_pipeline - ERROR - Could not fetch FX rate for INR->USD: Unknown error
2025-08-07 20:40:15,687 - data.etl_pipeline - ERROR - Could not fetch FX rate for USD->INR: Unknown error
2025-08-07 20:40:30,690 - data.etl_pipeline - INFO - No new data to save to table fx_rates.
2025-08-07 20:40:30,691 - data.etl_pipeline - INFO - Macro data pipeline not yet implemented.
2025-08-07 20:40:30,694 - data.etl_pipeline - INFO - News data pipeline not yet implemented.
2025-08-07 20:40:30,696 - data.etl_pipeline - INFO - Social media data pipeline not yet implemented.
2025-08-08 14:39:45,440 - root - INFO - Logging configured successfully.
2025-08-08 14:39:45,442 - data.etl_pipeline - INFO - Setting up database at database/financial_data.db...
2025-08-08 14:39:45,445 - data.etl_pipeline - INFO - Database setup complete.
2025-08-08 14:39:45,446 - data.etl_pipeline - INFO - Fetching market data for: ['AAPL', 'MSFT', 'GOOGL', 'AMZN', 'TSLA', 'META', 'NVDA', 'SPY', 'QQQ']
2025-08-08 14:39:48,064 - data.etl_pipeline - INFO - Successfully fetched data for AAPL. Waiting to avoid rate limit...
2025-08-08 14:40:05,504 - data.etl_pipeline - INFO - Successfully fetched data for MSFT. Waiting to avoid rate limit...
2025-08-08 14:40:23,323 - data.etl_pipeline - INFO - Successfully fetched data for GOOGL. Waiting to avoid rate limit...
2025-08-08 14:40:40,582 - data.etl_pipeline - INFO - Successfully fetched data for AMZN. Waiting to avoid rate limit...
2025-08-08 14:40:57,891 - data.etl_pipeline - INFO - Successfully fetched data for TSLA. Waiting to avoid rate limit...
2025-08-08 14:41:15,522 - data.etl_pipeline - INFO - Successfully fetched data for META. Waiting to avoid rate limit...
2025-08-08 14:41:33,467 - data.etl_pipeline - INFO - Successfully fetched data for NVDA. Waiting to avoid rate limit...
2025-08-08 14:41:51,197 - data.etl_pipeline - INFO - Successfully fetched data for SPY. Waiting to avoid rate limit...
2025-08-08 14:42:09,211 - data.etl_pipeline - INFO - Successfully fetched data for QQQ. Waiting to avoid rate limit...
2025-08-08 14:42:24,216 - data.etl_pipeline - INFO - Saving 51287 records to market_data...
2025-08-08 14:42:24,913 - data.etl_pipeline - INFO - Save complete for market_data.
2025-08-08 14:42:24,915 - data.etl_pipeline - INFO - Fetching FX rates...
2025-08-08 14:42:27,772 - data.etl_pipeline - INFO - Successfully fetched FX for INR->USD. Waiting...
2025-08-08 14:42:45,792 - data.etl_pipeline - INFO - Successfully fetched FX for USD->INR. Waiting...
2025-08-08 14:43:00,796 - data.etl_pipeline - INFO - Saving 3804 records to fx_rates...
2025-08-08 14:43:00,897 - data.etl_pipeline - INFO - Save complete for fx_rates.
2025-08-08 14:43:00,898 - data.etl_pipeline - INFO - Macro data pipeline not yet implemented.
2025-08-08 14:43:00,900 - data.etl_pipeline - INFO - News data pipeline not yet implemented.
2025-08-08 14:43:00,902 - data.etl_pipeline - INFO - Social media data pipeline not yet implemented.
2025-08-09 15:28:43,835 - root - INFO - Logging configured successfully.
2025-08-09 15:28:43,836 - data.etl_pipeline - INFO - Setting up database at database/financial_data.db...
2025-08-09 15:28:43,845 - data.etl_pipeline - INFO - Database setup complete.
2025-08-09 15:28:43,846 - data.etl_pipeline - INFO - Fetching market data for: ['AAPL', 'MSFT', 'GOOGL', 'AMZN', 'TSLA', 'META', 'NVDA', 'SPY', 'QQQ']
2025-08-09 15:28:45,325 - data.etl_pipeline - ERROR - Could not fetch data for AAPL: Unknown error
2025-08-09 15:29:02,072 - data.etl_pipeline - ERROR - Could not fetch data for MSFT: Unknown error
2025-08-09 15:29:18,098 - data.etl_pipeline - ERROR - Could not fetch data for GOOGL: Unknown error
2025-08-09 15:29:34,715 - data.etl_pipeline - ERROR - Could not fetch data for AMZN: Unknown error
2025-08-09 15:29:50,966 - data.etl_pipeline - ERROR - Could not fetch data for TSLA: Unknown error
2025-08-09 15:30:07,246 - data.etl_pipeline - ERROR - Could not fetch data for META: Unknown error
2025-08-09 15:30:22,811 - data.etl_pipeline - ERROR - Could not fetch data for NVDA: Unknown error
2025-08-09 15:30:38,989 - data.etl_pipeline - ERROR - Could not fetch data for SPY: Unknown error
2025-08-09 15:30:55,375 - data.etl_pipeline - ERROR - Could not fetch data for QQQ: Unknown error
2025-08-09 15:31:10,377 - data.etl_pipeline - INFO - No new data to save to table market_data.
2025-08-09 15:31:10,379 - data.etl_pipeline - INFO - Fetching FX rates...
2025-08-09 15:31:11,761 - data.etl_pipeline - ERROR - Could not fetch FX rate for INR->USD: Unknown error
2025-08-09 15:31:27,528 - data.etl_pipeline - ERROR - Could not fetch FX rate for USD->INR: Unknown error
2025-08-09 15:31:42,532 - data.etl_pipeline - INFO - No new data to save to table fx_rates.
2025-08-09 15:31:42,533 - data.etl_pipeline - INFO - Macro data pipeline not yet implemented.
2025-08-09 15:31:42,534 - data.etl_pipeline - INFO - News data pipeline not yet implemented.
2025-08-09 15:31:42,534 - data.etl_pipeline - INFO - Social media data pipeline not yet implemented.
2025-08-09 15:38:46,478 - root - INFO - Logging configured successfully.
2025-08-09 15:38:46,479 - data.etl_pipeline - INFO - Setting up database at database/financial_data.db...
2025-08-09 15:38:46,480 - data.etl_pipeline - INFO - Database setup complete.
2025-08-09 15:38:46,480 - data.etl_pipeline - INFO - Fetching market data for: ['AAPL', 'MSFT', 'GOOGL', 'AMZN', 'TSLA', 'META', 'NVDA', 'SPY', 'QQQ']
2025-08-09 15:38:47,858 - data.etl_pipeline - ERROR - Could not fetch data for AAPL: Unknown error
2025-08-09 15:39:04,234 - data.etl_pipeline - ERROR - Could not fetch data for MSFT: Unknown error
2025-08-09 15:39:20,439 - data.etl_pipeline - ERROR - Could not fetch data for GOOGL: Unknown error
2025-08-09 15:39:36,394 - data.etl_pipeline - ERROR - Could not fetch data for AMZN: Unknown error
2025-08-09 15:39:52,772 - data.etl_pipeline - ERROR - Could not fetch data for TSLA: Unknown error
2025-08-09 15:40:09,175 - data.etl_pipeline - ERROR - Could not fetch data for META: Unknown error
2025-08-09 15:40:25,642 - data.etl_pipeline - ERROR - Could not fetch data for NVDA: Unknown error
2025-08-09 15:40:41,820 - data.etl_pipeline - ERROR - Could not fetch data for SPY: Unknown error
2025-08-09 15:40:58,313 - data.etl_pipeline - ERROR - Could not fetch data for QQQ: Unknown error
2025-08-09 15:41:13,316 - data.etl_pipeline - INFO - No new data to save to table market_data.
2025-08-09 15:41:13,318 - data.etl_pipeline - INFO - Fetching FX rates...
2025-08-09 15:41:14,586 - data.etl_pipeline - ERROR - Could not fetch FX rate for INR->USD: Unknown error
2025-08-09 15:41:30,970 - data.etl_pipeline - ERROR - Could not fetch FX rate for USD->INR: Unknown error
2025-08-09 15:41:45,973 - data.etl_pipeline - INFO - No new data to save to table fx_rates.
2025-08-09 15:41:45,975 - data.etl_pipeline - INFO - Macro data pipeline not yet implemented.
2025-08-09 15:41:45,975 - data.etl_pipeline - INFO - News data pipeline not yet implemented.
2025-08-09 15:41:45,976 - data.etl_pipeline - INFO - Social media data pipeline not yet implemented.
2025-08-09 15:43:45,728 - root - INFO - Logging configured successfully.
2025-08-09 15:43:45,729 - data.etl_pipeline - INFO - Setting up database at database/financial_data.db...
2025-08-09 15:43:45,730 - data.etl_pipeline - INFO - Database setup complete.
2025-08-09 15:43:45,730 - data.etl_pipeline - INFO - Fetching market data for: ['AAPL', 'MSFT', 'GOOGL', 'AMZN', 'TSLA']
2025-08-09 15:43:47,380 - data.etl_pipeline - ERROR - Could not fetch data for AAPL: Unknown error
2025-08-10 22:55:16,140 - root - INFO - Logging configured successfully.
2025-08-10 22:55:16,178 - data.etl_pipeline - INFO - Setting up database at database/financial_data.db...
2025-08-10 22:55:16,182 - data.etl_pipeline - INFO - Database setup complete.
2025-08-10 22:55:16,183 - data.etl_pipeline - INFO - Fetching market data for: ['AAPL', 'MSFT', 'GOOGL', 'AMZN', 'TSLA', 'META', 'NVDA', 'SPY', 'QQQ']
2025-08-10 22:55:18,941 - data.etl_pipeline - INFO - Successfully fetched data for AAPL. Waiting to avoid rate limit...
2025-08-10 22:55:36,653 - data.etl_pipeline - INFO - Successfully fetched data for MSFT. Waiting to avoid rate limit...
2025-08-10 22:55:54,598 - data.etl_pipeline - INFO - Successfully fetched data for GOOGL. Waiting to avoid rate limit...
2025-08-10 22:56:12,943 - data.etl_pipeline - INFO - Successfully fetched data for AMZN. Waiting to avoid rate limit...
2025-08-10 22:56:30,247 - data.etl_pipeline - INFO - Successfully fetched data for TSLA. Waiting to avoid rate limit...
2025-08-10 22:56:47,752 - data.etl_pipeline - INFO - Successfully fetched data for META. Waiting to avoid rate limit...
2025-08-10 22:57:05,721 - data.etl_pipeline - INFO - Successfully fetched data for NVDA. Waiting to avoid rate limit...
2025-08-10 22:57:23,648 - data.etl_pipeline - INFO - Successfully fetched data for SPY. Waiting to avoid rate limit...
2025-08-10 22:57:41,575 - data.etl_pipeline - INFO - Successfully fetched data for QQQ. Waiting to avoid rate limit...
2025-08-10 22:57:56,578 - data.etl_pipeline - INFO - Saving 51296 records to market_data...
2025-08-10 22:57:57,370 - data.etl_pipeline - INFO - Save complete for market_data.
2025-08-10 22:57:57,371 - data.etl_pipeline - INFO - Fetching FX rates...
2025-08-10 22:58:00,121 - data.etl_pipeline - INFO - Successfully fetched FX for INR->USD. Waiting...
2025-08-10 22:58:18,669 - data.etl_pipeline - INFO - Successfully fetched FX for USD->INR. Waiting...
2025-08-10 22:58:33,672 - data.etl_pipeline - INFO - Saving 3805 records to fx_rates...
2025-08-10 22:58:33,738 - data.etl_pipeline - INFO - Save complete for fx_rates.
2025-08-10 22:58:33,739 - data.etl_pipeline - INFO - Macro data pipeline not yet implemented.
2025-08-10 22:58:33,740 - data.etl_pipeline - INFO - News data pipeline not yet implemented.
2025-08-10 22:58:33,742 - data.etl_pipeline - INFO - Social media data pipeline not yet implemented.
